<?xml version="1.0" encoding="UTF-8"?>
<!-- Generated by org.testng.reporters.JUnitReportReporter -->
<testsuite skipped="0" hostname="DESKTOP-K1LJIP1" name="India.Gmail.NewTest" tests="1" failures="0" timestamp="17 Jun 2019 03:03:05 GMT" time="8.958" errors="0">
  <testcase name="f" time="8.958" classname="India.Gmail.NewTest"/>
</testsuite> <!-- India.Gmail.NewTest -->
